12-Apr-2022 06:47:49.446 INFO [main] org.apache.coyote.AbstractProtocol.init Initializing ProtocolHandler ["http-nio-8081"]
12-Apr-2022 06:47:49.993 INFO [main] org.apache.tomcat.util.net.NioSelectorPool.getSharedSelector Using a shared selector for servlet write/read
12-Apr-2022 06:47:50.024 INFO [main] org.apache.coyote.AbstractProtocol.init Initializing ProtocolHandler ["http-nio-127.0.0.1-8091"]
12-Apr-2022 06:47:50.040 INFO [main] org.apache.tomcat.util.net.NioSelectorPool.getSharedSelector Using a shared selector for servlet write/read
12-Apr-2022 06:47:50.040 INFO [main] org.apache.coyote.AbstractProtocol.init Initializing ProtocolHandler ["http-nio-8040"]
12-Apr-2022 06:47:50.040 INFO [main] org.apache.tomcat.util.net.NioSelectorPool.getSharedSelector Using a shared selector for servlet write/read
12-Apr-2022 06:47:50.071 INFO [main] org.apache.catalina.core.StandardService.startInternal Starting service [Catalina]
12-Apr-2022 06:47:50.071 INFO [main] org.apache.catalina.core.StandardEngine.startInternal Starting Servlet engine: [Apache Tomcat/8.5.73]
12-Apr-2022 06:47:50.134 INFO [localhost-startStop-1] org.apache.catalina.startup.HostConfig.deployDescriptor Deploying deployment descriptor [C:\Users\sree\Downloads\jfrog-artifactory-oss-7.35.2-windows\artifactory-oss-7.35.2\app\artifactory\tomcat\conf\Catalina\localhost\access.xml]
12-Apr-2022 06:47:50.134 INFO [localhost-startStop-2] org.apache.catalina.startup.HostConfig.deployDescriptor Deploying deployment descriptor [C:\Users\sree\Downloads\jfrog-artifactory-oss-7.35.2-windows\artifactory-oss-7.35.2\app\artifactory\tomcat\conf\Catalina\localhost\artifactory.xml]
12-Apr-2022 06:47:50.227 WARNING [localhost-startStop-2] org.apache.catalina.startup.HostConfig.deployDescriptor A docBase [C:\Users\sree\Downloads\jfrog-artifactory-oss-7.35.2-windows\artifactory-oss-7.35.2\app\artifactory\tomcat\webapps\${jf.product.home}\app\artifactory\tomcat\webapps\artifactory.war] inside the host appBase has been specified, and will be ignored
12-Apr-2022 06:47:50.227 WARNING [localhost-startStop-1] org.apache.catalina.startup.HostConfig.deployDescriptor A docBase [C:\Users\sree\Downloads\jfrog-artifactory-oss-7.35.2-windows\artifactory-oss-7.35.2\app\artifactory\tomcat\webapps\${jf.product.home}\app\artifactory\tomcat\webapps\access.war] inside the host appBase has been specified, and will be ignored
12-Apr-2022 06:47:52.080 SEVERE [localhost-startStop-2] org.apache.catalina.core.StandardContext.startInternal One or more listeners failed to start. Full details will be found in the appropriate container log file
12-Apr-2022 06:47:52.080 SEVERE [localhost-startStop-2] org.apache.catalina.core.StandardContext.startInternal Context [/artifactory] startup failed due to previous errors
12-Apr-2022 06:47:52.377 INFO [localhost-startStop-2] org.apache.catalina.startup.HostConfig.deployDescriptor Deployment of deployment descriptor [C:\Users\sree\Downloads\jfrog-artifactory-oss-7.35.2-windows\artifactory-oss-7.35.2\app\artifactory\tomcat\conf\Catalina\localhost\artifactory.xml] has finished in [2,227] ms
12-Apr-2022 06:47:54.024 INFO [localhost-startStop-1] org.apache.catalina.startup.HostConfig.deployDescriptor Deployment of deployment descriptor [C:\Users\sree\Downloads\jfrog-artifactory-oss-7.35.2-windows\artifactory-oss-7.35.2\app\artifactory\tomcat\conf\Catalina\localhost\access.xml] has finished in [3,890] ms
12-Apr-2022 06:47:54.039 INFO [localhost-startStop-2] org.apache.catalina.startup.HostConfig.deployDirectory Deploying web application directory [C:\Users\sree\Downloads\jfrog-artifactory-oss-7.35.2-windows\artifactory-oss-7.35.2\app\artifactory\tomcat\webapps\ROOT]
12-Apr-2022 06:47:54.086 INFO [localhost-startStop-2] org.apache.catalina.startup.HostConfig.deployDirectory Deployment of web application directory [C:\Users\sree\Downloads\jfrog-artifactory-oss-7.35.2-windows\artifactory-oss-7.35.2\app\artifactory\tomcat\webapps\ROOT] has finished in [47] ms
12-Apr-2022 06:47:54.102 INFO [main] org.apache.coyote.AbstractProtocol.start Starting ProtocolHandler ["http-nio-8081"]
12-Apr-2022 06:47:54.118 INFO [main] org.apache.coyote.AbstractProtocol.start Starting ProtocolHandler ["http-nio-127.0.0.1-8091"]
12-Apr-2022 06:47:54.133 INFO [main] org.apache.coyote.AbstractProtocol.start Starting ProtocolHandler ["http-nio-8040"]
